<?xml version="1.0" encoding="UTF-8"?>
<testng-results skipped="0" failed="0" total="2" passed="2">
  <reporter-output>
  </reporter-output>
  <suite name="Default suite" duration-ms="24255" started-at="2016-08-02T08:40:28Z" finished-at="2016-08-02T08:40:53Z">
    <groups>
    </groups>
    <test name="Default test" duration-ms="24255" started-at="2016-08-02T08:40:28Z" finished-at="2016-08-02T08:40:53Z">
      <class name="Gmail">
        <test-method status="PASS" signature="beforetest()[pri:0, instance:Gmail@3c09711b]" name="beforetest" is-config="true" duration-ms="10658" started-at="2016-08-02T14:10:29Z" finished-at="2016-08-02T14:10:39Z">
          <reporter-output>
          </reporter-output>
        </test-method> <!-- beforetest -->
        <test-method status="PASS" signature="gmaillogin()[pri:0, instance:Gmail@3c09711b]" name="gmaillogin" duration-ms="3701" started-at="2016-08-02T14:10:39Z" finished-at="2016-08-02T14:10:43Z">
          <reporter-output>
          </reporter-output>
        </test-method> <!-- gmaillogin -->
        <test-method status="PASS" signature="gmaillogout()[pri:0, instance:Gmail@3c09711b]" name="gmaillogout" duration-ms="9419" started-at="2016-08-02T14:10:43Z" finished-at="2016-08-02T14:10:52Z">
          <reporter-output>
          </reporter-output>
        </test-method> <!-- gmaillogout -->
        <test-method status="PASS" signature="aftertest()[pri:0, instance:Gmail@3c09711b]" name="aftertest" is-config="true" duration-ms="448" started-at="2016-08-02T14:10:52Z" finished-at="2016-08-02T14:10:53Z">
          <reporter-output>
          </reporter-output>
        </test-method> <!-- aftertest -->
      </class> <!-- Gmail -->
    </test> <!-- Default test -->
  </suite> <!-- Default suite -->
</testng-results>
