<?xml version="1.0" encoding="UTF-8"?>
<!-- Generated by org.testng.reporters.JUnitXMLReporter -->
<testsuite hostname="viswas-PC" tests="1" failures="0" timestamp="23 Aug 2016 08:50:06 GMT" time="0.072" errors="0">
  <testcase name="@BeforeTest open" time="0.0" classname="Checkingpurple">
    <failure type="java.lang.NullPointerException">
      <![CDATA[java.lang.NullPointerException
	at Checkingpurple.open(Checkingpurple.java:12)
... Removed 22 stack frames]]>
    </failure>
  </testcase> <!-- @BeforeTest open -->
  <testcase name="CheckingWebsite" time="0.006" classname="Checkingpurple">
    <skipped/>
  </testcase> <!-- CheckingWebsite -->
</testsuite>
