<?xml version="1.0" encoding="UTF-8"?>
<!-- Generated by org.testng.reporters.JUnitXMLReporter -->
<testsuite hostname="viswas-PC" tests="6" failures="0" timestamp="4 Aug 2016 04:37:14 GMT" time="0.158" errors="0">
  <testcase name="firstTestCase" time="0.031" classname="demoOne$demoThree"/>
  <testcase name="secondTestCase" time="0.0" classname="demoOne$demoThree"/>
  <testcase name="firstTestCase" time="0.0" classname="demoOne$demoTwo"/>
  <testcase name="secondTestCase" time="0.0" classname="demoOne$demoTwo"/>
  <testcase name="firstTestCase" time="0.015" classname="demoOne"/>
  <testcase name="secondTestCase" time="0.016" classname="demoOne"/>
</testsuite>
