<?xml version="1.0" encoding="UTF-8"?>
<!-- Generated by org.testng.reporters.JUnitXMLReporter -->
<testsuite hostname="viswas-PC" tests="4" failures="3" timestamp="26 Aug 2016 06:42:37 GMT" time="21.969" errors="0">
  <testcase name="objectcreate" time="9.354" classname="purple"/>
  <testcase name="carears" time="0.002" classname="TestData">
    <failure type="org.testng.TestNGException" message="
Can&amp;apos;t invoke public void TestData.carears(): either make it static or add a no-args constructor to your class">
      <![CDATA[org.testng.TestNGException: 
Can't invoke public void TestData.carears(): either make it static or add a no-args constructor to your class
... Removed 21 stack frames]]>
    </failure>
  </testcase> <!-- carears -->
  <testcase name="search" time="0.01" classname="TestData">
    <failure type="org.testng.TestNGException" message="
Can&amp;apos;t invoke public void TestData.search(): either make it static or add a no-args constructor to your class">
      <![CDATA[org.testng.TestNGException: 
Can't invoke public void TestData.search(): either make it static or add a no-args constructor to your class
... Removed 21 stack frames]]>
    </failure>
  </testcase> <!-- search -->
  <testcase name="connect" time="0.002" classname="TestData">
    <failure type="org.testng.TestNGException" message="
Can&amp;apos;t invoke public void TestData.connect(): either make it static or add a no-args constructor to your class">
      <![CDATA[org.testng.TestNGException: 
Can't invoke public void TestData.connect(): either make it static or add a no-args constructor to your class
... Removed 21 stack frames]]>
    </failure>
  </testcase> <!-- connect -->
</testsuite>
